<?xml version="1.0" encoding="UTF-8"?>
<!-- Generated by org.testng.reporters.JUnitXMLReporter -->
<testsuite hostname="KANIKA-PC" ignored="0" name="Test" tests="2" failures="2" timestamp="17 Jan 2022 18:57:51 GMT" time="0.88" errors="0">
  <testcase name="getCountryDetailsTest" time="0.82" classname="com.restassured.testcases.RestCountriesTest">
    <failure type="java.lang.ClassCastException" message="java.lang.Integer cannot be cast to java.lang.CharSequence">
      <![CDATA[java.lang.ClassCastException: java.lang.Integer cannot be cast to java.lang.CharSequence
at com.restassured.testcases.RestCountriesTest.getCountryDetailsTest(RestCountriesTest.java:44)
... Removed 25 stack frames]]>
    </failure>
  </testcase> <!-- getCountryDetailsTest -->
  <testcase name="getCountryDetailsTest" time="0.009" classname="com.restassured.testcases.RestCountriesTest">
    <failure type="java.lang.ClassCastException" message="java.lang.Integer cannot be cast to java.lang.CharSequence">
      <![CDATA[java.lang.ClassCastException: java.lang.Integer cannot be cast to java.lang.CharSequence
at com.restassured.testcases.RestCountriesTest.getCountryDetailsTest(RestCountriesTest.java:44)
... Removed 25 stack frames]]>
    </failure>
  </testcase> <!-- getCountryDetailsTest -->
</testsuite> <!-- Test -->
