<?xml version="1.0" encoding="UTF-8"?>
<testng-results skipped="0" failed="2" ignored="0" total="2" passed="0">
  <reporter-output>
  </reporter-output>
  <suite name="Suite" duration-ms="880" started-at="2022-01-17T18:57:50Z" finished-at="2022-01-17T18:57:51Z">
    <groups>
    </groups>
    <test name="Test" duration-ms="880" started-at="2022-01-17T18:57:50Z" finished-at="2022-01-17T18:57:51Z">
      <class name="com.restassured.testcases.RestCountriesTest">
        <test-method status="PASS" signature="setUpSuite()[pri:0, instance:com.restassured.testcases.RestCountriesTest@42e99e4a]" name="setUpSuite" is-config="true" duration-ms="152" started-at="2022-01-17T18:57:50Z" finished-at="2022-01-17T18:57:50Z">
          <reporter-output>
          </reporter-output>
        </test-method> <!-- setUpSuite -->
        <test-method status="PASS" signature="setUp()[pri:0, instance:com.restassured.testcases.RestCountriesTest@42e99e4a]" name="setUp" is-config="true" duration-ms="1" started-at="2022-01-17T18:57:50Z" finished-at="2022-01-17T18:57:50Z">
          <reporter-output>
          </reporter-output>
        </test-method> <!-- setUp -->
        <test-method status="FAIL" signature="getCountryDetailsTest(java.util.Hashtable)[pri:1, instance:com.restassured.testcases.RestCountriesTest@42e99e4a]" name="getCountryDetailsTest" duration-ms="820" started-at="2022-01-17T18:57:50Z" description="Verify wether the user can fetch the country details list" finished-at="2022-01-17T18:57:51Z">
          <params>
            <param index="0">
              <value>
                <![CDATA[{limit=, name=, expectedCountryCapital=Activity 1, type=, execute=Yes, countryName=1, TestCaseName=getCountryDetailsTest}]]>
              </value>
            </param>
          </params>
          <exception class="java.lang.ClassCastException">
            <message>
              <![CDATA[java.lang.Integer cannot be cast to java.lang.CharSequence]]>
            </message>
            <full-stacktrace>
              <![CDATA[java.lang.ClassCastException: java.lang.Integer cannot be cast to java.lang.CharSequence
at com.restassured.testcases.RestCountriesTest.getCountryDetailsTest(RestCountriesTest.java:44)
at sun.reflect.NativeMethodAccessorImpl.invoke0(Native Method)
at sun.reflect.NativeMethodAccessorImpl.invoke(NativeMethodAccessorImpl.java:62)
at sun.reflect.DelegatingMethodAccessorImpl.invoke(DelegatingMethodAccessorImpl.java:43)
at java.lang.reflect.Method.invoke(Method.java:498)
at org.testng.internal.MethodInvocationHelper.invokeMethod(MethodInvocationHelper.java:124)
at org.testng.internal.Invoker.invokeMethod(Invoker.java:583)
at org.testng.internal.Invoker.invokeTestMethod(Invoker.java:719)
at org.testng.internal.Invoker.invokeTestMethods(Invoker.java:989)
at org.testng.internal.TestMethodWorker.invokeTestMethods(TestMethodWorker.java:125)
at org.testng.internal.TestMethodWorker.run(TestMethodWorker.java:109)
at org.testng.TestRunner.privateRun(TestRunner.java:648)
at org.testng.TestRunner.run(TestRunner.java:505)
at org.testng.SuiteRunner.runTest(SuiteRunner.java:455)
at org.testng.SuiteRunner.runSequentially(SuiteRunner.java:450)
at org.testng.SuiteRunner.privateRun(SuiteRunner.java:415)
at org.testng.SuiteRunner.run(SuiteRunner.java:364)
at org.testng.SuiteRunnerWorker.runSuite(SuiteRunnerWorker.java:52)
at org.testng.SuiteRunnerWorker.run(SuiteRunnerWorker.java:84)
at org.testng.TestNG.runSuitesSequentially(TestNG.java:1208)
at org.testng.TestNG.runSuitesLocally(TestNG.java:1137)
at org.testng.TestNG.runSuites(TestNG.java:1049)
at org.testng.TestNG.run(TestNG.java:1017)
at org.testng.remote.AbstractRemoteTestNG.run(AbstractRemoteTestNG.java:115)
at org.testng.remote.RemoteTestNG.initAndRun(RemoteTestNG.java:251)
at org.testng.remote.RemoteTestNG.main(RemoteTestNG.java:77)
]]>
            </full-stacktrace>
          </exception> <!-- java.lang.ClassCastException -->
          <reporter-output>
          </reporter-output>
        </test-method> <!-- getCountryDetailsTest -->
        <test-method status="PASS" signature="setUp()[pri:0, instance:com.restassured.testcases.RestCountriesTest@42e99e4a]" name="setUp" is-config="true" duration-ms="1" started-at="2022-01-17T18:57:51Z" finished-at="2022-01-17T18:57:51Z">
          <reporter-output>
          </reporter-output>
        </test-method> <!-- setUp -->
        <test-method status="FAIL" signature="getCountryDetailsTest(java.util.Hashtable)[pri:1, instance:com.restassured.testcases.RestCountriesTest@42e99e4a]" name="getCountryDetailsTest" duration-ms="9" started-at="2022-01-17T18:57:51Z" description="Verify wether the user can fetch the country details list" finished-at="2022-01-17T18:57:51Z">
          <params>
            <param index="0">
              <value>
                <![CDATA[{limit=, name=, expectedCountryCapital=Activity 2, type=, execute=Yes, countryName=2, TestCaseName=getCountryDetailsTest}]]>
              </value>
            </param>
          </params>
          <exception class="java.lang.ClassCastException">
            <message>
              <![CDATA[java.lang.Integer cannot be cast to java.lang.CharSequence]]>
            </message>
            <full-stacktrace>
              <![CDATA[java.lang.ClassCastException: java.lang.Integer cannot be cast to java.lang.CharSequence
at com.restassured.testcases.RestCountriesTest.getCountryDetailsTest(RestCountriesTest.java:44)
at sun.reflect.NativeMethodAccessorImpl.invoke0(Native Method)
at sun.reflect.NativeMethodAccessorImpl.invoke(NativeMethodAccessorImpl.java:62)
at sun.reflect.DelegatingMethodAccessorImpl.invoke(DelegatingMethodAccessorImpl.java:43)
at java.lang.reflect.Method.invoke(Method.java:498)
at org.testng.internal.MethodInvocationHelper.invokeMethod(MethodInvocationHelper.java:124)
at org.testng.internal.Invoker.invokeMethod(Invoker.java:583)
at org.testng.internal.Invoker.invokeTestMethod(Invoker.java:719)
at org.testng.internal.Invoker.invokeTestMethods(Invoker.java:989)
at org.testng.internal.TestMethodWorker.invokeTestMethods(TestMethodWorker.java:125)
at org.testng.internal.TestMethodWorker.run(TestMethodWorker.java:109)
at org.testng.TestRunner.privateRun(TestRunner.java:648)
at org.testng.TestRunner.run(TestRunner.java:505)
at org.testng.SuiteRunner.runTest(SuiteRunner.java:455)
at org.testng.SuiteRunner.runSequentially(SuiteRunner.java:450)
at org.testng.SuiteRunner.privateRun(SuiteRunner.java:415)
at org.testng.SuiteRunner.run(SuiteRunner.java:364)
at org.testng.SuiteRunnerWorker.runSuite(SuiteRunnerWorker.java:52)
at org.testng.SuiteRunnerWorker.run(SuiteRunnerWorker.java:84)
at org.testng.TestNG.runSuitesSequentially(TestNG.java:1208)
at org.testng.TestNG.runSuitesLocally(TestNG.java:1137)
at org.testng.TestNG.runSuites(TestNG.java:1049)
at org.testng.TestNG.run(TestNG.java:1017)
at org.testng.remote.AbstractRemoteTestNG.run(AbstractRemoteTestNG.java:115)
at org.testng.remote.RemoteTestNG.initAndRun(RemoteTestNG.java:251)
at org.testng.remote.RemoteTestNG.main(RemoteTestNG.java:77)
]]>
            </full-stacktrace>
          </exception> <!-- java.lang.ClassCastException -->
          <reporter-output>
          </reporter-output>
        </test-method> <!-- getCountryDetailsTest -->
        <test-method status="PASS" signature="afterSuite()[pri:0, instance:com.restassured.testcases.RestCountriesTest@42e99e4a]" name="afterSuite" is-config="true" duration-ms="1180" started-at="2022-01-17T18:57:51Z" finished-at="2022-01-17T18:57:52Z">
          <reporter-output>
          </reporter-output>
        </test-method> <!-- afterSuite -->
      </class> <!-- com.restassured.testcases.RestCountriesTest -->
    </test> <!-- Test -->
  </suite> <!-- Suite -->
</testng-results>
